<?xml version="1.0" encoding="UTF-8"?>
<robot generator="Robot 7.2.2 (Python 3.13.2 on win32)" generated="2025-03-23T23:05:22.599056" rpa="false" schemaversion="5">
<suite id="s1" name="Amazon Testes Desafio" source="C:\CursoUdemy\RobotFramework\WebTesting\amazon_testes_desafio.robot">
<test id="s1-t1" name="Caso de Teste 04 - Remover Produto do Carrinho" line="18">
<kw name="Abrir o navegador" owner="amazon_resources" type="SETUP">
<kw name="Open Browser" owner="SeleniumLibrary">
<msg time="2025-03-23T23:05:23.100066" level="INFO">Opening browser 'chrome' to base url 'None'.</msg>
<arg>browser=${BROWSER}</arg>
<doc>Opens a new browser instance to the optional ``url``.</doc>
<status status="PASS" start="2025-03-23T23:05:23.099655" elapsed="1.672545"/>
</kw>
<kw name="Maximize Browser Window" owner="SeleniumLibrary">
<doc>Maximizes current browser window.</doc>
<status status="PASS" start="2025-03-23T23:05:24.772539" elapsed="0.043831"/>
</kw>
<status status="PASS" start="2025-03-23T23:05:23.098451" elapsed="1.718114"/>
</kw>
<kw name="Acessar a home page do site Amazon.com.br" owner="amazon_resources">
<kw name="Go To" owner="SeleniumLibrary">
<msg time="2025-03-23T23:05:24.817864" level="INFO">Opening url 'https://amazon.com.br/'</msg>
<arg>url=${URL}</arg>
<doc>Navigates the current browser window to the provided ``url``.</doc>
<status status="PASS" start="2025-03-23T23:05:24.817565" elapsed="1.405999"/>
</kw>
<kw name="Wait Until Element Is Visible" owner="SeleniumLibrary">
<arg>locator=${ELETRONICOS}</arg>
<doc>Waits until the element ``locator`` is visible.</doc>
<status status="PASS" start="2025-03-23T23:05:26.223946" elapsed="4.346642"/>
</kw>
<status status="PASS" start="2025-03-23T23:05:24.817132" elapsed="5.753653"/>
</kw>
<kw name="Digitar o nome de produto &quot;Xbox Series S&quot; no campo de pesquisa" owner="amazon_resources" source_name="Digitar o nome de produto &quot;${PRODUTO}&quot; no campo de pesquisa">
<kw name="Input Text" owner="SeleniumLibrary">
<msg time="2025-03-23T23:05:30.571963" level="INFO">Typing text 'Xbox Series S' into text field 'twotabsearchtextbox'.</msg>
<arg>locator=twotabsearchtextbox</arg>
<arg>text=${PRODUTO}</arg>
<doc>Types the given ``text`` into the text field identified by ``locator``.</doc>
<status status="PASS" start="2025-03-23T23:05:30.571662" elapsed="0.387579"/>
</kw>
<status status="PASS" start="2025-03-23T23:05:30.571241" elapsed="0.388163"/>
</kw>
<kw name="Clicar no botão de pesquisa" owner="amazon_resources">
<kw name="Click Element" owner="SeleniumLibrary">
<msg time="2025-03-23T23:05:30.960450" level="INFO">Clicking element 'nav-search-submit-button'.</msg>
<arg>locator=nav-search-submit-button</arg>
<doc>Click the element identified by ``locator``.</doc>
<status status="PASS" start="2025-03-23T23:05:30.960178" elapsed="2.338850"/>
</kw>
<status status="PASS" start="2025-03-23T23:05:30.959802" elapsed="2.339389"/>
</kw>
<kw name="Verificar o resultado da pesquisa se está listando o produto &quot;Console Xbox Series S&quot;" owner="amazon_resources">
<kw name="Verificar o resultado da pesquisa, listando o produto &quot;Console Xbox Series S&quot;" owner="amazon_resources" source_name="Verificar o resultado da pesquisa, listando o produto &quot;${PRODUTO}&quot;">
<kw name="Wait Until Element Is Visible" owner="SeleniumLibrary">
<arg>locator=//span[normalize-space()='${PRODUTO}']</arg>
<doc>Waits until the element ``locator`` is visible.</doc>
<status status="PASS" start="2025-03-23T23:05:33.300333" elapsed="0.040236"/>
</kw>
<status status="PASS" start="2025-03-23T23:05:33.300092" elapsed="0.040609"/>
</kw>
<status status="PASS" start="2025-03-23T23:05:33.299574" elapsed="0.041209"/>
</kw>
<kw name="Adicionar o produto &quot;Console Xbox Series S&quot; no carrinho" owner="amazon_resources">
<kw name="Click Element" owner="SeleniumLibrary">
<msg time="2025-03-23T23:05:33.342149" level="INFO">Clicking element '//span[normalize-space()='Console Xbox Series S']'.</msg>
<arg>locator=//span[normalize-space()='Console Xbox Series S']</arg>
<doc>Click the element identified by ``locator``.</doc>
<status status="PASS" start="2025-03-23T23:05:33.341852" elapsed="3.378568"/>
</kw>
<kw name="Wait Until Element Is Visible" owner="SeleniumLibrary">
<arg>locator=add-to-cart-button</arg>
<doc>Waits until the element ``locator`` is visible.</doc>
<status status="PASS" start="2025-03-23T23:05:36.720731" elapsed="0.453562"/>
</kw>
<kw name="Click Element" owner="SeleniumLibrary">
<msg time="2025-03-23T23:05:37.175002" level="INFO">Clicking element 'add-to-cart-button'.</msg>
<arg>locator=add-to-cart-button</arg>
<doc>Click the element identified by ``locator``.</doc>
<status status="PASS" start="2025-03-23T23:05:37.174599" elapsed="0.451397"/>
</kw>
<status status="PASS" start="2025-03-23T23:05:33.341388" elapsed="4.284812"/>
</kw>
<kw name="Verificar se o produto &quot;Console Xbox Series S&quot; foi adicionado com sucesso" owner="amazon_resources">
<kw name="Wait Until Element Is Visible" owner="SeleniumLibrary">
<arg>locator=//span[@id='sw-subtotal-item-count']</arg>
<doc>Waits until the element ``locator`` is visible.</doc>
<status status="PASS" start="2025-03-23T23:05:37.627088" elapsed="3.092184"/>
</kw>
<status status="PASS" start="2025-03-23T23:05:37.626653" elapsed="3.092843"/>
</kw>
<kw name="Remover o produto &quot;Console Xbox Series S&quot; do carrinho" owner="amazon_resources">
<kw name="Click Element" owner="SeleniumLibrary">
<msg time="2025-03-23T23:05:40.720653" level="INFO">Clicking element '//a[@href='/cart?ref_=sw_gtc']'.</msg>
<arg>locator=//a[@href='/cart?ref_=sw_gtc']</arg>
<doc>Click the element identified by ``locator``.</doc>
<status status="PASS" start="2025-03-23T23:05:40.720397" elapsed="1.338598"/>
</kw>
<kw name="Wait Until Element Is Visible" owner="SeleniumLibrary">
<arg>locator=(//h2[normalize-space()='Carrinho de compras'])[1]</arg>
<doc>Waits until the element ``locator`` is visible.</doc>
<status status="PASS" start="2025-03-23T23:05:42.059202" elapsed="0.023984"/>
</kw>
<kw name="Click Element" owner="SeleniumLibrary">
<msg time="2025-03-23T23:05:42.083642" level="INFO">Clicking element '//span[@class='a-icon a-icon-small-trash']'.</msg>
<arg>locator=//span[@class='a-icon a-icon-small-trash']</arg>
<doc>Click the element identified by ``locator``.</doc>
<status status="PASS" start="2025-03-23T23:05:42.083392" elapsed="0.177329"/>
</kw>
<kw name="Wait Until Element Is Visible" owner="SeleniumLibrary">
<arg>locator=(//span[@class='a-size-base sc-list-item-removed-msg-text-delete'])[1]</arg>
<doc>Waits until the element ``locator`` is visible.</doc>
<status status="PASS" start="2025-03-23T23:05:42.260955" elapsed="0.026638"/>
</kw>
<status status="PASS" start="2025-03-23T23:05:40.720037" elapsed="1.567736"/>
</kw>
<kw name="Verificar se o carrinho fica vazio" owner="amazon_resources">
<kw name="Click Element" owner="SeleniumLibrary">
<msg time="2025-03-23T23:05:42.289518" level="INFO">Clicking element '//span[@class='nav-line-2'][normalize-space()='Carrinho']'.</msg>
<arg>locator=//span[@class='nav-line-2'][normalize-space()='Carrinho']</arg>
<doc>Click the element identified by ``locator``.</doc>
<status status="PASS" start="2025-03-23T23:05:42.289222" elapsed="0.866954"/>
</kw>
<kw name="Wait Until Element Is Visible" owner="SeleniumLibrary">
<arg>locator=(//h3[normalize-space()='Seu carrinho da Amazon está vazio'])[1]</arg>
<doc>Waits until the element ``locator`` is visible.</doc>
<status status="PASS" start="2025-03-23T23:05:43.156725" elapsed="0.045761"/>
</kw>
<status status="PASS" start="2025-03-23T23:05:42.288543" elapsed="0.914078"/>
</kw>
<kw name="Fechar o navegador" owner="amazon_resources" type="TEARDOWN">
<kw name="Capture Page Screenshot" owner="SeleniumLibrary">
<msg time="2025-03-23T23:05:43.374978" level="INFO" html="true">&lt;/td&gt;&lt;/tr&gt;&lt;tr&gt;&lt;td colspan="3"&gt;&lt;a href="selenium-screenshot-76.png"&gt;&lt;img src="selenium-screenshot-76.png" width="800px"&gt;&lt;/a&gt;</msg>
<doc>Takes a screenshot of the current page and embeds it into a log file.</doc>
<status status="PASS" start="2025-03-23T23:05:43.204200" elapsed="0.170961"/>
</kw>
<kw name="Close Browser" owner="SeleniumLibrary">
<doc>Closes the current browser.</doc>
<status status="PASS" start="2025-03-23T23:05:43.375613" elapsed="2.328561"/>
</kw>
<status status="PASS" start="2025-03-23T23:05:43.203396" elapsed="2.501130"/>
</kw>
<doc>Esse teste verifica a remoção de um produto no carrinho de compras</doc>
<tag>remover_carrinho</tag>
<status status="PASS" start="2025-03-23T23:05:23.096527" elapsed="22.608300"/>
</test>
<doc>Essa suite testa o site da Amazon.com.br</doc>
<status status="PASS" start="2025-03-23T23:05:22.603489" elapsed="23.103434"/>
</suite>
<statistics>
<total>
<stat pass="1" fail="0" skip="0">All Tests</stat>
</total>
<tag>
<stat pass="1" fail="0" skip="0">remover_carrinho</stat>
</tag>
<suite>
<stat name="Amazon Testes Desafio" id="s1" pass="1" fail="0" skip="0">Amazon Testes Desafio</stat>
</suite>
</statistics>
<errors>
</errors>
</robot>
